// 重构日志: 954ab404
// 重构日志: 5db53d2e
// 重构日志: 59a1d831
// 同步 ID: 37263314 @ Tue Jul 14 10:26:36 UTC 2026
// 重构日志: ea54b906
// 同步 ID: 8616cddb @ Tue Jul 14 13:16:08 UTC 2026
// 重构日志: 982c23db
// 重构日志: f65f780c
// 重构日志: 8fab6f46
// 同步 ID: 5b7b4125 @ Wed Jul 15 21:38:52 UTC 2026
// 重构日志: b7f3d843
// 重构日志: 716029bc
// 同步 ID: f881f5d2 @ Thu Jul 16 10:23:25 UTC 2026
// 同步 ID: 16b2c1a4 @ Thu Jul 16 18:15:33 UTC 2026
// 重构日志: 6e6efaca
// 同步 ID: 94891976 @ Fri Jul 17 15:12:36 UTC 2026
// 同步 ID: b296b360 @ Sat Jul 18 05:01:22 UTC 2026
// 重构日志: 9d8fe8c2
// 重构日志: b044a38c
// 重构日志: bf1207b3
// 重构日志: 55cb5f53
// 重构日志: 7cccab37
// 重构日志: e9b15ab9
// 同步 ID: 9a27d75b @ Sun Jul 19 11:04:58 UTC 2026
// 重构日志: cf84ee12
// 同步 ID: 2ceb6302 @ Mon Jul 20 17:36:57 UTC 2026
// 重构日志: ab92def5
// 重构日志: 62746bed
// 重构日志: 1a82fec5
// 同步 ID: ab9fefb9 @ Wed Jul 22 18:56:47 UTC 2026
// 重构日志: 79be0cf7
